2021-08-04 16:48:33,799:INFO:PyCaret Supervised Module
2021-08-04 16:48:33,799:INFO:ML Usecase: regression
2021-08-04 16:48:33,799:INFO:version 2.3.3
2021-08-04 16:48:33,799:INFO:Initializing setup()
2021-08-04 16:48:33,799:INFO:setup(target=medv, ml_usecase=regression, available_plots={'parameter': 'Hyperparameters', 'residuals': 'Residuals', 'error': 'Prediction Error', 'cooks': 'Cooks Distance', 'rfe': 'Feature Selection', 'learning': 'Learning Curve', 'manifold': 'Manifold Learning', 'vc': 'Validation Curve', 'feature': 'Feature Importance', 'feature_all': 'Feature Importance (All)', 'tree': 'Decision Tree', 'residuals_interactive': 'Interactive Residuals'}, train_size=0.7, test_data=None, preprocess=True, imputation_type=simple, iterative_imputation_iters=5, categorical_features=None, categorical_imputation=constant, categorical_iterative_imputer=lightgbm, ordinal_features=None, high_cardinality_features=None, high_cardinality_method=frequency, numeric_features=None, numeric_imputation=mean, numeric_iterative_imputer=lightgbm, date_features=None, ignore_features=None, normalize=False, normalize_method=zscore, transformation=False, transformation_method=yeo-johnson, handle_unknown_categorical=True, unknown_categorical_method=least_frequent, pca=False, pca_method=linear, pca_components=None, ignore_low_variance=False, combine_rare_levels=False, rare_level_threshold=0.1, bin_numeric_features=None, remove_outliers=False, outliers_threshold=0.05, remove_multicollinearity=False, multicollinearity_threshold=0.9, remove_perfect_collinearity=True, create_clusters=False, cluster_iter=20, polynomial_features=False, polynomial_degree=2, trigonometry_features=False, polynomial_threshold=0.1, group_features=None, group_names=None, feature_selection=False, feature_selection_threshold=0.8, feature_selection_method=classic, feature_interaction=False, feature_ratio=False, interaction_threshold=0.01, fix_imbalance=False, fix_imbalance_method=None, transform_target=False, transform_target_method=box-cox, data_split_shuffle=True, data_split_stratify=False, fold_strategy=kfold, fold=10, fold_shuffle=False, fold_groups=None, n_jobs=-1, use_gpu=False, custom_pipeline=None, html=True, session_id=None, log_experiment=False, experiment_name=None, log_plots=False, log_profile=False, log_data=False, silent=False, verbose=True, profile=False, profile_kwargs=None, display=None)
2021-08-04 16:48:33,799:INFO:Checking environment
2021-08-04 16:48:33,799:INFO:python_version: 3.8.10
2021-08-04 16:48:33,800:INFO:python_build: ('default', 'May 19 2021 13:12:57')
2021-08-04 16:48:33,800:INFO:machine: AMD64
2021-08-04 16:48:33,847:INFO:platform: Windows-10-10.0.19042-SP0
2021-08-04 16:48:33,853:WARNING:cannot find psutil installation. memory not traceable. Install psutil using pip to enable memory logging.
2021-08-04 16:48:33,853:INFO:Checking libraries
2021-08-04 16:48:33,853:INFO:pd==1.2.5
2021-08-04 16:48:33,853:INFO:numpy==1.19.5
2021-08-04 16:48:33,854:INFO:sklearn==0.23.2
2021-08-04 16:48:33,854:INFO:lightgbm==3.2.1
2021-08-04 16:48:33,856:WARNING:catboost not found
2021-08-04 16:48:33,858:WARNING:xgboost not found
2021-08-04 16:48:36,033:INFO:mlflow==1.19.0
2021-08-04 16:48:36,035:INFO:Checking Exceptions
2021-08-04 16:48:36,035:INFO:Declaring global variables
2021-08-04 16:48:36,036:INFO:USI: 9ad5
2021-08-04 16:48:36,036:INFO:pycaret_globals: {'_available_plots', 'stratify_param', 'fold_groups_param_full', 'fold_shuffle_param', 'iterative_imputation_iters_param', 'log_plots_param', 'n_jobs_param', 'y_train', 'y', 'display_container', 'experiment__', 'logging_param', 'exp_name_log', '_ml_usecase', 'target_param', 'X_test', '_gpu_n_jobs_param', 'data_before_preprocess', 'imputation_classifier', 'fix_imbalance_method_param', '_all_models_internal', 'transform_target_method_param', 'gpu_param', 'fold_groups_param', 'X', 'seed', 'fold_param', 'fix_imbalance_param', '_all_models', 'y_test', 'create_model_container', '_all_metrics', 'pycaret_globals', 'USI', 'imputation_regressor', 'prep_pipe', 'html_param', 'X_train', 'fold_generator', '_internal_pipeline', 'transform_target_param', 'master_model_container'}
2021-08-04 16:48:36,038:INFO:Preparing display monitor
2021-08-04 16:48:36,038:INFO:Preparing display monitor
2021-08-04 16:48:36,102:INFO:Importing libraries
2021-08-04 16:48:36,102:INFO:Copying data for preprocessing
2021-08-04 16:48:36,139:INFO:Declaring preprocessing parameters
2021-08-04 16:48:36,142:INFO:Creating preprocessing pipeline
2021-08-04 16:48:36,197:INFO:Preprocessing pipeline created successfully
2021-08-04 16:48:36,198:ERROR:(Process Exit): setup has been interupted with user command 'quit'. setup must rerun.
2021-08-04 16:48:36,198:INFO:Creating global containers
2021-08-04 16:48:36,205:INFO:Internal pipeline: Pipeline(memory=None, steps=[('empty_step', 'passthrough')], verbose=False)
2021-08-04 16:50:28,190:INFO:PyCaret Supervised Module
2021-08-04 16:50:28,190:INFO:ML Usecase: regression
2021-08-04 16:50:28,192:INFO:version 2.3.3
2021-08-04 16:50:28,192:INFO:Initializing setup()
2021-08-04 16:50:28,192:INFO:setup(target=medv, ml_usecase=regression, available_plots={'parameter': 'Hyperparameters', 'residuals': 'Residuals', 'error': 'Prediction Error', 'cooks': 'Cooks Distance', 'rfe': 'Feature Selection', 'learning': 'Learning Curve', 'manifold': 'Manifold Learning', 'vc': 'Validation Curve', 'feature': 'Feature Importance', 'feature_all': 'Feature Importance (All)', 'tree': 'Decision Tree', 'residuals_interactive': 'Interactive Residuals'}, train_size=0.7, test_data=None, preprocess=True, imputation_type=simple, iterative_imputation_iters=5, categorical_features=None, categorical_imputation=constant, categorical_iterative_imputer=lightgbm, ordinal_features=None, high_cardinality_features=None, high_cardinality_method=frequency, numeric_features=None, numeric_imputation=mean, numeric_iterative_imputer=lightgbm, date_features=None, ignore_features=None, normalize=False, normalize_method=zscore, transformation=False, transformation_method=yeo-johnson, handle_unknown_categorical=True, unknown_categorical_method=least_frequent, pca=False, pca_method=linear, pca_components=None, ignore_low_variance=False, combine_rare_levels=False, rare_level_threshold=0.1, bin_numeric_features=None, remove_outliers=False, outliers_threshold=0.05, remove_multicollinearity=False, multicollinearity_threshold=0.9, remove_perfect_collinearity=True, create_clusters=False, cluster_iter=20, polynomial_features=False, polynomial_degree=2, trigonometry_features=False, polynomial_threshold=0.1, group_features=None, group_names=None, feature_selection=False, feature_selection_threshold=0.8, feature_selection_method=classic, feature_interaction=False, feature_ratio=False, interaction_threshold=0.01, fix_imbalance=False, fix_imbalance_method=None, transform_target=False, transform_target_method=box-cox, data_split_shuffle=True, data_split_stratify=False, fold_strategy=kfold, fold=10, fold_shuffle=False, fold_groups=None, n_jobs=-1, use_gpu=False, custom_pipeline=None, html=True, session_id=None, log_experiment=False, experiment_name=None, log_plots=False, log_profile=False, log_data=False, silent=False, verbose=True, profile=False, profile_kwargs=None, display=None)
2021-08-04 16:50:28,193:INFO:Checking environment
2021-08-04 16:50:28,193:INFO:python_version: 3.8.10
2021-08-04 16:50:28,193:INFO:python_build: ('default', 'May 19 2021 13:12:57')
2021-08-04 16:50:28,193:INFO:machine: AMD64
2021-08-04 16:50:28,193:INFO:platform: Windows-10-10.0.19042-SP0
2021-08-04 16:50:28,198:WARNING:cannot find psutil installation. memory not traceable. Install psutil using pip to enable memory logging.
2021-08-04 16:50:28,199:INFO:Checking libraries
2021-08-04 16:50:28,199:INFO:pd==1.2.5
2021-08-04 16:50:28,199:INFO:numpy==1.19.5
2021-08-04 16:50:28,200:INFO:sklearn==0.23.2
2021-08-04 16:50:28,200:INFO:lightgbm==3.2.1
2021-08-04 16:50:28,203:WARNING:catboost not found
2021-08-04 16:50:28,204:WARNING:xgboost not found
2021-08-04 16:50:28,204:INFO:mlflow==1.19.0
2021-08-04 16:50:28,204:INFO:Checking Exceptions
2021-08-04 16:50:28,204:INFO:Declaring global variables
2021-08-04 16:50:28,204:INFO:USI: 5056
2021-08-04 16:50:28,204:INFO:pycaret_globals: {'_available_plots', 'stratify_param', 'fold_groups_param_full', 'fold_shuffle_param', 'iterative_imputation_iters_param', 'log_plots_param', 'n_jobs_param', 'y_train', 'y', 'display_container', 'experiment__', 'logging_param', 'exp_name_log', '_ml_usecase', 'target_param', 'X_test', '_gpu_n_jobs_param', 'data_before_preprocess', 'imputation_classifier', 'fix_imbalance_method_param', '_all_models_internal', 'transform_target_method_param', 'gpu_param', 'fold_groups_param', 'X', 'seed', 'fold_param', 'fix_imbalance_param', '_all_models', 'y_test', 'create_model_container', '_all_metrics', 'pycaret_globals', 'USI', 'imputation_regressor', 'prep_pipe', 'html_param', 'X_train', 'fold_generator', '_internal_pipeline', 'transform_target_param', 'master_model_container'}
2021-08-04 16:50:28,204:INFO:Preparing display monitor
2021-08-04 16:50:28,204:INFO:Preparing display monitor
2021-08-04 16:50:28,244:INFO:Importing libraries
2021-08-04 16:50:28,246:INFO:Copying data for preprocessing
2021-08-04 16:50:28,266:INFO:Declaring preprocessing parameters
2021-08-04 16:50:28,268:INFO:Creating preprocessing pipeline
2021-08-04 16:50:28,296:INFO:Preprocessing pipeline created successfully
2021-08-04 16:50:28,296:ERROR:(Process Exit): setup has been interupted with user command 'quit'. setup must rerun.
2021-08-04 16:50:28,297:INFO:Creating global containers
2021-08-04 16:50:28,298:INFO:Internal pipeline: Pipeline(memory=None, steps=[('empty_step', 'passthrough')], verbose=False)
2021-08-04 16:50:29,559:WARNING:Couldn't import xgboost.XGBRegressor
2021-08-04 16:50:29,559:WARNING:Couldn't import catboost.CatBoostRegressor
2021-08-04 16:50:29,752:WARNING:Couldn't import xgboost.XGBRegressor
2021-08-04 16:50:29,756:WARNING:Couldn't import catboost.CatBoostRegressor
2021-08-04 16:50:29,756:INFO:Creating grid variables
2021-08-04 16:50:29,806:INFO:create_model_container: 0
2021-08-04 16:50:29,806:INFO:master_model_container: 0
2021-08-04 16:50:29,807:INFO:display_container: 1
2021-08-04 16:50:29,816:INFO:Pipeline(memory=None,
         steps=[('dtypes',
                 DataTypes_Auto_infer(categorical_features=[],
                                      display_types=True, features_todrop=[],
                                      id_columns=[], ml_usecase='regression',
                                      numerical_features=[], target='medv',
                                      time_features=[])),
                ('imputer',
                 Simple_Imputer(categorical_strategy='not_available',
                                fill_value_categorical=None,
                                fill_value_numerical=None,
                                numeric_strategy='m...
                ('scaling', 'passthrough'), ('P_transform', 'passthrough'),
                ('binn', 'passthrough'), ('rem_outliers', 'passthrough'),
                ('cluster_all', 'passthrough'),
                ('dummy', Dummify(target='medv')),
                ('fix_perfect', Remove_100(target='medv')),
                ('clean_names', Clean_Colum_Names()),
                ('feature_select', 'passthrough'), ('fix_multi', 'passthrough'),
                ('dfs', 'passthrough'), ('pca', 'passthrough')],
         verbose=False)
2021-08-04 16:50:29,816:INFO:setup() succesfully completed......................................
2021-08-04 16:51:07,715:INFO:Initializing compare_models()
2021-08-04 16:51:07,717:INFO:compare_models(include=None, fold=None, round=4, cross_validation=True, sort=R2, n_select=1, budget_time=None, turbo=True, errors=ignore, fit_kwargs=None, groups=None, verbose=True, display=None, exclude=None)
2021-08-04 16:51:07,717:INFO:Checking exceptions
2021-08-04 16:51:07,718:INFO:Preparing display monitor
2021-08-04 16:51:07,718:INFO:Preparing display monitor
2021-08-04 16:51:07,797:INFO:Initializing Linear Regression
2021-08-04 16:51:07,797:INFO:Total runtime is 0.0 minutes
2021-08-04 16:51:07,823:INFO:SubProcess create_model() called ==================================
2021-08-04 16:51:07,824:INFO:Initializing create_model()
2021-08-04 16:51:07,824:INFO:create_model(estimator=lr, fold=KFold(n_splits=10, random_state=None, shuffle=False), round=4, cross_validation=True, predict=True, fit_kwargs={}, groups=None, refit=False, verbose=False, system=False, metrics=None, display=<pycaret.internal.Display.Display object at 0x000002A566FFE100>, kwargs={})
2021-08-04 16:51:07,825:INFO:Checking exceptions
2021-08-04 16:51:07,825:INFO:Importing libraries
2021-08-04 16:51:07,825:INFO:Copying training dataset
2021-08-04 16:51:07,827:INFO:Defining folds
2021-08-04 16:51:07,827:INFO:Declaring metric variables
2021-08-04 16:51:07,851:INFO:Importing untrained model
2021-08-04 16:51:07,882:INFO:Linear Regression Imported succesfully
2021-08-04 16:51:07,945:INFO:Starting cross validation
2021-08-04 16:51:07,972:INFO:Cross validating with KFold(n_splits=10, random_state=None, shuffle=False), n_jobs=-1
2021-08-04 16:51:17,508:INFO:Calculating mean and std
2021-08-04 16:51:17,512:INFO:Creating metrics dataframe
2021-08-04 16:51:17,523:INFO:Uploading results into container
2021-08-04 16:51:17,524:INFO:Uploading model into container now
2021-08-04 16:51:17,524:INFO:create_model_container: 1
2021-08-04 16:51:17,524:INFO:master_model_container: 1
2021-08-04 16:51:17,525:INFO:display_container: 2
2021-08-04 16:51:17,526:INFO:LinearRegression(copy_X=True, fit_intercept=True, n_jobs=-1, normalize=False)
2021-08-04 16:51:17,527:INFO:create_model() succesfully completed......................................
2021-08-04 16:51:17,747:INFO:SubProcess create_model() end ==================================
2021-08-04 16:51:17,747:INFO:Creating metrics dataframe
2021-08-04 16:51:17,820:INFO:Initializing Lasso Regression
2021-08-04 16:51:17,820:INFO:Total runtime is 0.16706093947092693 minutes
2021-08-04 16:51:17,874:INFO:SubProcess create_model() called ==================================
2021-08-04 16:51:17,876:INFO:Initializing create_model()
2021-08-04 16:51:17,877:INFO:create_model(estimator=lasso, fold=KFold(n_splits=10, random_state=None, shuffle=False), round=4, cross_validation=True, predict=True, fit_kwargs={}, groups=None, refit=False, verbose=False, system=False, metrics=None, display=<pycaret.internal.Display.Display object at 0x000002A566FFE100>, kwargs={})
2021-08-04 16:51:17,878:INFO:Checking exceptions
2021-08-04 16:51:17,878:INFO:Importing libraries
2021-08-04 16:51:17,879:INFO:Copying training dataset
2021-08-04 16:51:17,883:INFO:Defining folds
2021-08-04 16:51:17,885:INFO:Declaring metric variables
2021-08-04 16:51:17,939:INFO:Importing untrained model
2021-08-04 16:51:17,995:INFO:Lasso Regression Imported succesfully
2021-08-04 16:51:18,083:INFO:Starting cross validation
2021-08-04 16:51:18,087:INFO:Cross validating with KFold(n_splits=10, random_state=None, shuffle=False), n_jobs=-1
2021-08-04 16:51:18,303:INFO:Calculating mean and std
2021-08-04 16:51:18,304:INFO:Creating metrics dataframe
2021-08-04 16:51:18,313:INFO:Uploading results into container
2021-08-04 16:51:18,313:INFO:Uploading model into container now
2021-08-04 16:51:18,313:INFO:create_model_container: 2
2021-08-04 16:51:18,313:INFO:master_model_container: 2
2021-08-04 16:51:18,313:INFO:display_container: 2
2021-08-04 16:51:18,314:INFO:Lasso(alpha=1.0, copy_X=True, fit_intercept=True, max_iter=1000,
      normalize=False, positive=False, precompute=False, random_state=4493,
      selection='cyclic', tol=0.0001, warm_start=False)
2021-08-04 16:51:18,314:INFO:create_model() succesfully completed......................................
2021-08-04 16:51:18,581:INFO:SubProcess create_model() end ==================================
2021-08-04 16:51:18,582:INFO:Creating metrics dataframe
2021-08-04 16:51:18,672:INFO:Initializing Ridge Regression
2021-08-04 16:51:18,672:INFO:Total runtime is 0.1812502900759379 minutes
2021-08-04 16:51:18,742:INFO:SubProcess create_model() called ==================================
2021-08-04 16:51:18,745:INFO:Initializing create_model()
2021-08-04 16:51:18,746:INFO:create_model(estimator=ridge, fold=KFold(n_splits=10, random_state=None, shuffle=False), round=4, cross_validation=True, predict=True, fit_kwargs={}, groups=None, refit=False, verbose=False, system=False, metrics=None, display=<pycaret.internal.Display.Display object at 0x000002A566FFE100>, kwargs={})
2021-08-04 16:51:18,747:INFO:Checking exceptions
2021-08-04 16:51:18,748:INFO:Importing libraries
2021-08-04 16:51:18,748:INFO:Copying training dataset
2021-08-04 16:51:18,753:INFO:Defining folds
2021-08-04 16:51:18,754:INFO:Declaring metric variables
2021-08-04 16:51:18,805:INFO:Importing untrained model
2021-08-04 16:51:18,863:INFO:Ridge Regression Imported succesfully
2021-08-04 16:51:18,932:INFO:Starting cross validation
2021-08-04 16:51:18,933:INFO:Cross validating with KFold(n_splits=10, random_state=None, shuffle=False), n_jobs=-1
2021-08-04 16:51:19,239:INFO:Calculating mean and std
2021-08-04 16:51:19,241:INFO:Creating metrics dataframe
2021-08-04 16:51:19,255:INFO:Uploading results into container
2021-08-04 16:51:19,255:INFO:Uploading model into container now
2021-08-04 16:51:19,255:INFO:create_model_container: 3
2021-08-04 16:51:19,256:INFO:master_model_container: 3
2021-08-04 16:51:19,256:INFO:display_container: 2
2021-08-04 16:51:19,257:INFO:Ridge(alpha=1.0, copy_X=True, fit_intercept=True, max_iter=None,
      normalize=False, random_state=4493, solver='auto', tol=0.001)
2021-08-04 16:51:19,258:INFO:create_model() succesfully completed......................................
2021-08-04 16:51:19,516:INFO:SubProcess create_model() end ==================================
2021-08-04 16:51:19,517:INFO:Creating metrics dataframe
2021-08-04 16:51:19,600:INFO:Initializing Elastic Net
2021-08-04 16:51:19,600:INFO:Total runtime is 0.1967304229736328 minutes
2021-08-04 16:51:19,643:INFO:SubProcess create_model() called ==================================
2021-08-04 16:51:19,646:INFO:Initializing create_model()
2021-08-04 16:51:19,647:INFO:create_model(estimator=en, fold=KFold(n_splits=10, random_state=None, shuffle=False), round=4, cross_validation=True, predict=True, fit_kwargs={}, groups=None, refit=False, verbose=False, system=False, metrics=None, display=<pycaret.internal.Display.Display object at 0x000002A566FFE100>, kwargs={})
2021-08-04 16:51:19,647:INFO:Checking exceptions
2021-08-04 16:51:19,648:INFO:Importing libraries
2021-08-04 16:51:19,649:INFO:Copying training dataset
2021-08-04 16:51:19,652:INFO:Defining folds
2021-08-04 16:51:19,653:INFO:Declaring metric variables
2021-08-04 16:51:19,703:INFO:Importing untrained model
2021-08-04 16:51:19,760:INFO:Elastic Net Imported succesfully
2021-08-04 16:51:19,854:INFO:Starting cross validation
2021-08-04 16:51:19,855:INFO:Cross validating with KFold(n_splits=10, random_state=None, shuffle=False), n_jobs=-1
2021-08-04 16:51:20,001:INFO:Calculating mean and std
2021-08-04 16:51:20,002:INFO:Creating metrics dataframe
2021-08-04 16:51:20,009:INFO:Uploading results into container
2021-08-04 16:51:20,009:INFO:Uploading model into container now
2021-08-04 16:51:20,009:INFO:create_model_container: 4
2021-08-04 16:51:20,009:INFO:master_model_container: 4
2021-08-04 16:51:20,009:INFO:display_container: 2
2021-08-04 16:51:20,010:INFO:ElasticNet(alpha=1.0, copy_X=True, fit_intercept=True, l1_ratio=0.5,
           max_iter=1000, normalize=False, positive=False, precompute=False,
           random_state=4493, selection='cyclic', tol=0.0001, warm_start=False)
2021-08-04 16:51:20,010:INFO:create_model() succesfully completed......................................
2021-08-04 16:51:20,256:INFO:SubProcess create_model() end ==================================
2021-08-04 16:51:20,258:INFO:Creating metrics dataframe
2021-08-04 16:51:20,354:INFO:Initializing Least Angle Regression
2021-08-04 16:51:20,354:INFO:Total runtime is 0.2092840790748596 minutes
2021-08-04 16:51:20,393:INFO:SubProcess create_model() called ==================================
2021-08-04 16:51:20,395:INFO:Initializing create_model()
2021-08-04 16:51:20,396:INFO:create_model(estimator=lar, fold=KFold(n_splits=10, random_state=None, shuffle=False), round=4, cross_validation=True, predict=True, fit_kwargs={}, groups=None, refit=False, verbose=False, system=False, metrics=None, display=<pycaret.internal.Display.Display object at 0x000002A566FFE100>, kwargs={})
2021-08-04 16:51:20,396:INFO:Checking exceptions
2021-08-04 16:51:20,397:INFO:Importing libraries
2021-08-04 16:51:20,398:INFO:Copying training dataset
2021-08-04 16:51:20,400:INFO:Defining folds
2021-08-04 16:51:20,401:INFO:Declaring metric variables
2021-08-04 16:51:20,441:INFO:Importing untrained model
2021-08-04 16:51:20,491:INFO:Least Angle Regression Imported succesfully
2021-08-04 16:51:20,586:INFO:Starting cross validation
2021-08-04 16:51:20,588:INFO:Cross validating with KFold(n_splits=10, random_state=None, shuffle=False), n_jobs=-1
2021-08-04 16:51:20,988:INFO:Calculating mean and std
2021-08-04 16:51:20,991:INFO:Creating metrics dataframe
2021-08-04 16:51:21,003:INFO:Uploading results into container
2021-08-04 16:51:21,003:INFO:Uploading model into container now
2021-08-04 16:51:21,003:INFO:create_model_container: 5
2021-08-04 16:51:21,003:INFO:master_model_container: 5
2021-08-04 16:51:21,003:INFO:display_container: 2
2021-08-04 16:51:21,004:INFO:Lars(copy_X=True, eps=2.220446049250313e-16, fit_intercept=True, fit_path=True,
     jitter=None, n_nonzero_coefs=500, normalize=True, precompute='auto',
     random_state=4493, verbose=False)
2021-08-04 16:51:21,005:INFO:create_model() succesfully completed......................................
2021-08-04 16:51:21,248:INFO:SubProcess create_model() end ==================================
2021-08-04 16:51:21,248:INFO:Creating metrics dataframe
2021-08-04 16:51:21,339:INFO:Initializing Lasso Least Angle Regression
2021-08-04 16:51:21,340:INFO:Total runtime is 0.22572449843088785 minutes
2021-08-04 16:51:21,385:INFO:SubProcess create_model() called ==================================
2021-08-04 16:51:21,387:INFO:Initializing create_model()
2021-08-04 16:51:21,388:INFO:create_model(estimator=llar, fold=KFold(n_splits=10, random_state=None, shuffle=False), round=4, cross_validation=True, predict=True, fit_kwargs={}, groups=None, refit=False, verbose=False, system=False, metrics=None, display=<pycaret.internal.Display.Display object at 0x000002A566FFE100>, kwargs={})
2021-08-04 16:51:21,388:INFO:Checking exceptions
2021-08-04 16:51:21,389:INFO:Importing libraries
2021-08-04 16:51:21,389:INFO:Copying training dataset
2021-08-04 16:51:21,391:INFO:Defining folds
2021-08-04 16:51:21,392:INFO:Declaring metric variables
2021-08-04 16:51:21,439:INFO:Importing untrained model
2021-08-04 16:51:21,486:INFO:Lasso Least Angle Regression Imported succesfully
2021-08-04 16:51:21,590:INFO:Starting cross validation
2021-08-04 16:51:21,592:INFO:Cross validating with KFold(n_splits=10, random_state=None, shuffle=False), n_jobs=-1
2021-08-04 16:51:21,825:INFO:Calculating mean and std
2021-08-04 16:51:21,827:INFO:Creating metrics dataframe
2021-08-04 16:51:21,836:INFO:Uploading results into container
2021-08-04 16:51:21,836:INFO:Uploading model into container now
2021-08-04 16:51:21,837:INFO:create_model_container: 6
2021-08-04 16:51:21,837:INFO:master_model_container: 6
2021-08-04 16:51:21,837:INFO:display_container: 2
2021-08-04 16:51:21,838:INFO:LassoLars(alpha=1.0, copy_X=True, eps=2.220446049250313e-16, fit_intercept=True,
          fit_path=True, jitter=None, max_iter=500, normalize=True,
          positive=False, precompute='auto', random_state=4493, verbose=False)
2021-08-04 16:51:21,838:INFO:create_model() succesfully completed......................................
2021-08-04 16:51:22,016:INFO:SubProcess create_model() end ==================================
2021-08-04 16:51:22,016:INFO:Creating metrics dataframe
2021-08-04 16:51:22,103:INFO:Initializing Orthogonal Matching Pursuit
2021-08-04 16:51:22,103:INFO:Total runtime is 0.23844745556513466 minutes
2021-08-04 16:51:22,147:INFO:SubProcess create_model() called ==================================
2021-08-04 16:51:22,150:INFO:Initializing create_model()
2021-08-04 16:51:22,151:INFO:create_model(estimator=omp, fold=KFold(n_splits=10, random_state=None, shuffle=False), round=4, cross_validation=True, predict=True, fit_kwargs={}, groups=None, refit=False, verbose=False, system=False, metrics=None, display=<pycaret.internal.Display.Display object at 0x000002A566FFE100>, kwargs={})
2021-08-04 16:51:22,151:INFO:Checking exceptions
2021-08-04 16:51:22,151:INFO:Importing libraries
2021-08-04 16:51:22,152:INFO:Copying training dataset
2021-08-04 16:51:22,156:INFO:Defining folds
2021-08-04 16:51:22,156:INFO:Declaring metric variables
2021-08-04 16:51:22,208:INFO:Importing untrained model
2021-08-04 16:51:22,260:INFO:Orthogonal Matching Pursuit Imported succesfully
2021-08-04 16:51:22,355:INFO:Starting cross validation
2021-08-04 16:51:22,356:INFO:Cross validating with KFold(n_splits=10, random_state=None, shuffle=False), n_jobs=-1
2021-08-04 16:51:22,729:INFO:Calculating mean and std
2021-08-04 16:51:22,732:INFO:Creating metrics dataframe
2021-08-04 16:51:22,746:INFO:Uploading results into container
2021-08-04 16:51:22,747:INFO:Uploading model into container now
2021-08-04 16:51:22,748:INFO:create_model_container: 7
2021-08-04 16:51:22,748:INFO:master_model_container: 7
2021-08-04 16:51:22,748:INFO:display_container: 2
2021-08-04 16:51:22,749:INFO:OrthogonalMatchingPursuit(fit_intercept=True, n_nonzero_coefs=None,
                          normalize=True, precompute='auto', tol=None)
2021-08-04 16:51:22,749:INFO:create_model() succesfully completed......................................
2021-08-04 16:51:22,951:INFO:SubProcess create_model() end ==================================
2021-08-04 16:51:22,952:INFO:Creating metrics dataframe
2021-08-04 16:51:23,007:INFO:Initializing Bayesian Ridge
2021-08-04 16:51:23,007:INFO:Total runtime is 0.2535131573677063 minutes
2021-08-04 16:51:23,030:INFO:SubProcess create_model() called ==================================
2021-08-04 16:51:23,032:INFO:Initializing create_model()
2021-08-04 16:51:23,032:INFO:create_model(estimator=br, fold=KFold(n_splits=10, random_state=None, shuffle=False), round=4, cross_validation=True, predict=True, fit_kwargs={}, groups=None, refit=False, verbose=False, system=False, metrics=None, display=<pycaret.internal.Display.Display object at 0x000002A566FFE100>, kwargs={})
2021-08-04 16:51:23,032:INFO:Checking exceptions
2021-08-04 16:51:23,032:INFO:Importing libraries
2021-08-04 16:51:23,033:INFO:Copying training dataset
2021-08-04 16:51:23,035:INFO:Defining folds
2021-08-04 16:51:23,035:INFO:Declaring metric variables
2021-08-04 16:51:23,059:INFO:Importing untrained model
2021-08-04 16:51:23,094:INFO:Bayesian Ridge Imported succesfully
2021-08-04 16:51:23,166:INFO:Starting cross validation
2021-08-04 16:51:23,170:INFO:Cross validating with KFold(n_splits=10, random_state=None, shuffle=False), n_jobs=-1
2021-08-04 16:51:23,323:INFO:Calculating mean and std
2021-08-04 16:51:23,326:INFO:Creating metrics dataframe
2021-08-04 16:51:23,337:INFO:Uploading results into container
2021-08-04 16:51:23,337:INFO:Uploading model into container now
2021-08-04 16:51:23,337:INFO:create_model_container: 8
2021-08-04 16:51:23,337:INFO:master_model_container: 8
2021-08-04 16:51:23,337:INFO:display_container: 2
2021-08-04 16:51:23,338:INFO:BayesianRidge(alpha_1=1e-06, alpha_2=1e-06, alpha_init=None,
              compute_score=False, copy_X=True, fit_intercept=True,
              lambda_1=1e-06, lambda_2=1e-06, lambda_init=None, n_iter=300,
              normalize=False, tol=0.001, verbose=False)
2021-08-04 16:51:23,338:INFO:create_model() succesfully completed......................................
2021-08-04 16:51:23,576:INFO:SubProcess create_model() end ==================================
2021-08-04 16:51:23,577:INFO:Creating metrics dataframe
2021-08-04 16:51:23,681:INFO:Initializing Passive Aggressive Regressor
2021-08-04 16:51:23,683:INFO:Total runtime is 0.26477688948313394 minutes
2021-08-04 16:51:23,736:INFO:SubProcess create_model() called ==================================
2021-08-04 16:51:23,739:INFO:Initializing create_model()
2021-08-04 16:51:23,739:INFO:create_model(estimator=par, fold=KFold(n_splits=10, random_state=None, shuffle=False), round=4, cross_validation=True, predict=True, fit_kwargs={}, groups=None, refit=False, verbose=False, system=False, metrics=None, display=<pycaret.internal.Display.Display object at 0x000002A566FFE100>, kwargs={})
2021-08-04 16:51:23,740:INFO:Checking exceptions
2021-08-04 16:51:23,741:INFO:Importing libraries
2021-08-04 16:51:23,741:INFO:Copying training dataset
2021-08-04 16:51:23,745:INFO:Defining folds
2021-08-04 16:51:23,746:INFO:Declaring metric variables
2021-08-04 16:51:23,790:INFO:Importing untrained model
2021-08-04 16:51:23,844:INFO:Passive Aggressive Regressor Imported succesfully
2021-08-04 16:51:23,932:INFO:Starting cross validation
2021-08-04 16:51:23,934:INFO:Cross validating with KFold(n_splits=10, random_state=None, shuffle=False), n_jobs=-1
2021-08-04 16:51:24,277:INFO:Calculating mean and std
2021-08-04 16:51:24,278:INFO:Creating metrics dataframe
2021-08-04 16:51:24,296:INFO:Uploading results into container
2021-08-04 16:51:24,296:INFO:Uploading model into container now
2021-08-04 16:51:24,298:INFO:create_model_container: 9
2021-08-04 16:51:24,299:INFO:master_model_container: 9
2021-08-04 16:51:24,299:INFO:display_container: 2
2021-08-04 16:51:24,301:INFO:PassiveAggressiveRegressor(C=1.0, average=False, early_stopping=False,
                           epsilon=0.1, fit_intercept=True,
                           loss='epsilon_insensitive', max_iter=1000,
                           n_iter_no_change=5, random_state=4493, shuffle=True,
                           tol=0.001, validation_fraction=0.1, verbose=0,
                           warm_start=False)
2021-08-04 16:51:24,301:INFO:create_model() succesfully completed......................................
2021-08-04 16:51:24,533:INFO:SubProcess create_model() end ==================================
2021-08-04 16:51:24,533:INFO:Creating metrics dataframe
2021-08-04 16:51:24,624:INFO:Initializing Huber Regressor
2021-08-04 16:51:24,625:INFO:Total runtime is 0.2804792523384094 minutes
2021-08-04 16:51:24,665:INFO:SubProcess create_model() called ==================================
2021-08-04 16:51:24,666:INFO:Initializing create_model()
2021-08-04 16:51:24,667:INFO:create_model(estimator=huber, fold=KFold(n_splits=10, random_state=None, shuffle=False), round=4, cross_validation=True, predict=True, fit_kwargs={}, groups=None, refit=False, verbose=False, system=False, metrics=None, display=<pycaret.internal.Display.Display object at 0x000002A566FFE100>, kwargs={})
2021-08-04 16:51:24,667:INFO:Checking exceptions
2021-08-04 16:51:24,668:INFO:Importing libraries
2021-08-04 16:51:24,668:INFO:Copying training dataset
2021-08-04 16:51:24,671:INFO:Defining folds
2021-08-04 16:51:24,672:INFO:Declaring metric variables
2021-08-04 16:51:24,717:INFO:Importing untrained model
2021-08-04 16:51:24,769:INFO:Huber Regressor Imported succesfully
2021-08-04 16:51:24,864:INFO:Starting cross validation
2021-08-04 16:51:24,866:INFO:Cross validating with KFold(n_splits=10, random_state=None, shuffle=False), n_jobs=-1
2021-08-04 16:51:25,134:INFO:Calculating mean and std
2021-08-04 16:51:25,135:INFO:Creating metrics dataframe
2021-08-04 16:51:25,143:INFO:Uploading results into container
2021-08-04 16:51:25,144:INFO:Uploading model into container now
2021-08-04 16:51:25,144:INFO:create_model_container: 10
2021-08-04 16:51:25,144:INFO:master_model_container: 10
2021-08-04 16:51:25,144:INFO:display_container: 2
2021-08-04 16:51:25,145:INFO:HuberRegressor(alpha=0.0001, epsilon=1.35, fit_intercept=True, max_iter=100,
               tol=1e-05, warm_start=False)
2021-08-04 16:51:25,145:INFO:create_model() succesfully completed......................................
2021-08-04 16:51:25,366:INFO:SubProcess create_model() end ==================================
2021-08-04 16:51:25,367:INFO:Creating metrics dataframe
2021-08-04 16:51:25,462:INFO:Initializing K Neighbors Regressor
2021-08-04 16:51:25,463:INFO:Total runtime is 0.29443358182907103 minutes
2021-08-04 16:51:25,501:INFO:SubProcess create_model() called ==================================
2021-08-04 16:51:25,503:INFO:Initializing create_model()
2021-08-04 16:51:25,504:INFO:create_model(estimator=knn, fold=KFold(n_splits=10, random_state=None, shuffle=False), round=4, cross_validation=True, predict=True, fit_kwargs={}, groups=None, refit=False, verbose=False, system=False, metrics=None, display=<pycaret.internal.Display.Display object at 0x000002A566FFE100>, kwargs={})
2021-08-04 16:51:25,504:INFO:Checking exceptions
2021-08-04 16:51:25,505:INFO:Importing libraries
2021-08-04 16:51:25,505:INFO:Copying training dataset
2021-08-04 16:51:25,510:INFO:Defining folds
2021-08-04 16:51:25,511:INFO:Declaring metric variables
2021-08-04 16:51:25,555:INFO:Importing untrained model
2021-08-04 16:51:25,676:INFO:K Neighbors Regressor Imported succesfully
2021-08-04 16:51:25,737:INFO:Starting cross validation
2021-08-04 16:51:25,739:INFO:Cross validating with KFold(n_splits=10, random_state=None, shuffle=False), n_jobs=-1
2021-08-04 16:51:26,080:INFO:Calculating mean and std
2021-08-04 16:51:26,083:INFO:Creating metrics dataframe
2021-08-04 16:51:26,093:INFO:Uploading results into container
2021-08-04 16:51:26,093:INFO:Uploading model into container now
2021-08-04 16:51:26,093:INFO:create_model_container: 11
2021-08-04 16:51:26,093:INFO:master_model_container: 11
2021-08-04 16:51:26,093:INFO:display_container: 2
2021-08-04 16:51:26,094:INFO:KNeighborsRegressor(algorithm='auto', leaf_size=30, metric='minkowski',
                    metric_params=None, n_jobs=-1, n_neighbors=5, p=2,
                    weights='uniform')
2021-08-04 16:51:26,094:INFO:create_model() succesfully completed......................................
2021-08-04 16:51:26,353:INFO:SubProcess create_model() end ==================================
2021-08-04 16:51:26,354:INFO:Creating metrics dataframe
2021-08-04 16:51:26,458:INFO:Initializing Decision Tree Regressor
2021-08-04 16:51:26,459:INFO:Total runtime is 0.31103670597076416 minutes
2021-08-04 16:51:26,497:INFO:SubProcess create_model() called ==================================
2021-08-04 16:51:26,499:INFO:Initializing create_model()
2021-08-04 16:51:26,500:INFO:create_model(estimator=dt, fold=KFold(n_splits=10, random_state=None, shuffle=False), round=4, cross_validation=True, predict=True, fit_kwargs={}, groups=None, refit=False, verbose=False, system=False, metrics=None, display=<pycaret.internal.Display.Display object at 0x000002A566FFE100>, kwargs={})
2021-08-04 16:51:26,501:INFO:Checking exceptions
2021-08-04 16:51:26,502:INFO:Importing libraries
2021-08-04 16:51:26,502:INFO:Copying training dataset
2021-08-04 16:51:26,506:INFO:Defining folds
2021-08-04 16:51:26,507:INFO:Declaring metric variables
2021-08-04 16:51:26,549:INFO:Importing untrained model
2021-08-04 16:51:26,613:INFO:Decision Tree Regressor Imported succesfully
2021-08-04 16:51:26,720:INFO:Starting cross validation
2021-08-04 16:51:26,723:INFO:Cross validating with KFold(n_splits=10, random_state=None, shuffle=False), n_jobs=-1
2021-08-04 16:51:26,938:INFO:Calculating mean and std
2021-08-04 16:51:26,940:INFO:Creating metrics dataframe
2021-08-04 16:51:26,946:INFO:Uploading results into container
2021-08-04 16:51:26,946:INFO:Uploading model into container now
2021-08-04 16:51:26,946:INFO:create_model_container: 12
2021-08-04 16:51:26,946:INFO:master_model_container: 12
2021-08-04 16:51:26,946:INFO:display_container: 2
2021-08-04 16:51:26,947:INFO:DecisionTreeRegressor(ccp_alpha=0.0, criterion='mse', max_depth=None,
                      max_features=None, max_leaf_nodes=None,
                      min_impurity_decrease=0.0, min_impurity_split=None,
                      min_samples_leaf=1, min_samples_split=2,
                      min_weight_fraction_leaf=0.0, presort='deprecated',
                      random_state=4493, splitter='best')
2021-08-04 16:51:26,947:INFO:create_model() succesfully completed......................................
2021-08-04 16:51:27,172:INFO:SubProcess create_model() end ==================================
2021-08-04 16:51:27,173:INFO:Creating metrics dataframe
2021-08-04 16:51:27,277:INFO:Initializing Random Forest Regressor
2021-08-04 16:51:27,278:INFO:Total runtime is 0.32469610770543417 minutes
2021-08-04 16:51:27,315:INFO:SubProcess create_model() called ==================================
2021-08-04 16:51:27,317:INFO:Initializing create_model()
2021-08-04 16:51:27,318:INFO:create_model(estimator=rf, fold=KFold(n_splits=10, random_state=None, shuffle=False), round=4, cross_validation=True, predict=True, fit_kwargs={}, groups=None, refit=False, verbose=False, system=False, metrics=None, display=<pycaret.internal.Display.Display object at 0x000002A566FFE100>, kwargs={})
2021-08-04 16:51:27,319:INFO:Checking exceptions
2021-08-04 16:51:27,319:INFO:Importing libraries
2021-08-04 16:51:27,319:INFO:Copying training dataset
2021-08-04 16:51:27,321:INFO:Defining folds
2021-08-04 16:51:27,323:INFO:Declaring metric variables
2021-08-04 16:51:27,364:INFO:Importing untrained model
2021-08-04 16:51:27,409:INFO:Random Forest Regressor Imported succesfully
2021-08-04 16:51:27,510:INFO:Starting cross validation
2021-08-04 16:51:27,511:INFO:Cross validating with KFold(n_splits=10, random_state=None, shuffle=False), n_jobs=-1
2021-08-04 16:51:29,927:INFO:Calculating mean and std
2021-08-04 16:51:29,929:INFO:Creating metrics dataframe
2021-08-04 16:51:29,943:INFO:Uploading results into container
2021-08-04 16:51:29,944:INFO:Uploading model into container now
2021-08-04 16:51:29,944:INFO:create_model_container: 13
2021-08-04 16:51:29,944:INFO:master_model_container: 13
2021-08-04 16:51:29,945:INFO:display_container: 2
2021-08-04 16:51:29,947:INFO:RandomForestRegressor(bootstrap=True, ccp_alpha=0.0, criterion='mse',
                      max_depth=None, max_features='auto', max_leaf_nodes=None,
                      max_samples=None, min_impurity_decrease=0.0,
                      min_impurity_split=None, min_samples_leaf=1,
                      min_samples_split=2, min_weight_fraction_leaf=0.0,
                      n_estimators=100, n_jobs=-1, oob_score=False,
                      random_state=4493, verbose=0, warm_start=False)
2021-08-04 16:51:29,947:INFO:create_model() succesfully completed......................................
2021-08-04 16:51:30,205:INFO:SubProcess create_model() end ==================================
2021-08-04 16:51:30,206:INFO:Creating metrics dataframe
2021-08-04 16:51:30,267:INFO:Initializing Extra Trees Regressor
2021-08-04 16:51:30,267:INFO:Total runtime is 0.37450563112894697 minutes
2021-08-04 16:51:30,297:INFO:SubProcess create_model() called ==================================
2021-08-04 16:51:30,298:INFO:Initializing create_model()
2021-08-04 16:51:30,298:INFO:create_model(estimator=et, fold=KFold(n_splits=10, random_state=None, shuffle=False), round=4, cross_validation=True, predict=True, fit_kwargs={}, groups=None, refit=False, verbose=False, system=False, metrics=None, display=<pycaret.internal.Display.Display object at 0x000002A566FFE100>, kwargs={})
2021-08-04 16:51:30,298:INFO:Checking exceptions
2021-08-04 16:51:30,299:INFO:Importing libraries
2021-08-04 16:51:30,299:INFO:Copying training dataset
2021-08-04 16:51:30,302:INFO:Defining folds
2021-08-04 16:51:30,302:INFO:Declaring metric variables
2021-08-04 16:51:30,328:INFO:Importing untrained model
2021-08-04 16:51:30,362:INFO:Extra Trees Regressor Imported succesfully
2021-08-04 16:51:30,441:INFO:Starting cross validation
2021-08-04 16:51:30,445:INFO:Cross validating with KFold(n_splits=10, random_state=None, shuffle=False), n_jobs=-1
2021-08-04 16:51:32,329:INFO:Calculating mean and std
2021-08-04 16:51:32,330:INFO:Creating metrics dataframe
2021-08-04 16:51:32,339:INFO:Uploading results into container
2021-08-04 16:51:32,340:INFO:Uploading model into container now
2021-08-04 16:51:32,340:INFO:create_model_container: 14
2021-08-04 16:51:32,340:INFO:master_model_container: 14
2021-08-04 16:51:32,340:INFO:display_container: 2
2021-08-04 16:51:32,341:INFO:ExtraTreesRegressor(bootstrap=False, ccp_alpha=0.0, criterion='mse',
                    max_depth=None, max_features='auto', max_leaf_nodes=None,
                    max_samples=None, min_impurity_decrease=0.0,
                    min_impurity_split=None, min_samples_leaf=1,
                    min_samples_split=2, min_weight_fraction_leaf=0.0,
                    n_estimators=100, n_jobs=-1, oob_score=False,
                    random_state=4493, verbose=0, warm_start=False)
2021-08-04 16:51:32,341:INFO:create_model() succesfully completed......................................
2021-08-04 16:51:32,596:INFO:SubProcess create_model() end ==================================
2021-08-04 16:51:32,596:INFO:Creating metrics dataframe
2021-08-04 16:51:32,701:INFO:Initializing AdaBoost Regressor
2021-08-04 16:51:32,702:INFO:Total runtime is 0.41509662469228115 minutes
2021-08-04 16:51:32,747:INFO:SubProcess create_model() called ==================================
2021-08-04 16:51:32,748:INFO:Initializing create_model()
2021-08-04 16:51:32,748:INFO:create_model(estimator=ada, fold=KFold(n_splits=10, random_state=None, shuffle=False), round=4, cross_validation=True, predict=True, fit_kwargs={}, groups=None, refit=False, verbose=False, system=False, metrics=None, display=<pycaret.internal.Display.Display object at 0x000002A566FFE100>, kwargs={})
2021-08-04 16:51:32,748:INFO:Checking exceptions
2021-08-04 16:51:32,750:INFO:Importing libraries
2021-08-04 16:51:32,750:INFO:Copying training dataset
2021-08-04 16:51:32,754:INFO:Defining folds
2021-08-04 16:51:32,755:INFO:Declaring metric variables
2021-08-04 16:51:32,794:INFO:Importing untrained model
2021-08-04 16:51:32,834:INFO:AdaBoost Regressor Imported succesfully
2021-08-04 16:51:32,911:INFO:Starting cross validation
2021-08-04 16:51:32,912:INFO:Cross validating with KFold(n_splits=10, random_state=None, shuffle=False), n_jobs=-1
2021-08-04 16:51:34,008:INFO:Calculating mean and std
2021-08-04 16:51:34,011:INFO:Creating metrics dataframe
2021-08-04 16:51:34,021:INFO:Uploading results into container
2021-08-04 16:51:34,022:INFO:Uploading model into container now
2021-08-04 16:51:34,023:INFO:create_model_container: 15
2021-08-04 16:51:34,023:INFO:master_model_container: 15
2021-08-04 16:51:34,024:INFO:display_container: 2
2021-08-04 16:51:34,025:INFO:AdaBoostRegressor(base_estimator=None, learning_rate=1.0, loss='linear',
                  n_estimators=50, random_state=4493)
2021-08-04 16:51:34,025:INFO:create_model() succesfully completed......................................
2021-08-04 16:51:34,235:INFO:SubProcess create_model() end ==================================
2021-08-04 16:51:34,236:INFO:Creating metrics dataframe
2021-08-04 16:51:34,330:INFO:Initializing Gradient Boosting Regressor
2021-08-04 16:51:34,331:INFO:Total runtime is 0.44224130312601734 minutes
2021-08-04 16:51:34,366:INFO:SubProcess create_model() called ==================================
2021-08-04 16:51:34,368:INFO:Initializing create_model()
2021-08-04 16:51:34,369:INFO:create_model(estimator=gbr, fold=KFold(n_splits=10, random_state=None, shuffle=False), round=4, cross_validation=True, predict=True, fit_kwargs={}, groups=None, refit=False, verbose=False, system=False, metrics=None, display=<pycaret.internal.Display.Display object at 0x000002A566FFE100>, kwargs={})
2021-08-04 16:51:34,369:INFO:Checking exceptions
2021-08-04 16:51:34,370:INFO:Importing libraries
2021-08-04 16:51:34,371:INFO:Copying training dataset
2021-08-04 16:51:34,375:INFO:Defining folds
2021-08-04 16:51:34,376:INFO:Declaring metric variables
2021-08-04 16:51:34,425:INFO:Importing untrained model
2021-08-04 16:51:34,483:INFO:Gradient Boosting Regressor Imported succesfully
2021-08-04 16:51:34,625:INFO:Starting cross validation
2021-08-04 16:51:34,628:INFO:Cross validating with KFold(n_splits=10, random_state=None, shuffle=False), n_jobs=-1
2021-08-04 16:51:35,690:INFO:Calculating mean and std
2021-08-04 16:51:35,692:INFO:Creating metrics dataframe
2021-08-04 16:51:35,709:INFO:Uploading results into container
2021-08-04 16:51:35,709:INFO:Uploading model into container now
2021-08-04 16:51:35,710:INFO:create_model_container: 16
2021-08-04 16:51:35,711:INFO:master_model_container: 16
2021-08-04 16:51:35,711:INFO:display_container: 2
2021-08-04 16:51:35,712:INFO:GradientBoostingRegressor(alpha=0.9, ccp_alpha=0.0, criterion='friedman_mse',
                          init=None, learning_rate=0.1, loss='ls', max_depth=3,
                          max_features=None, max_leaf_nodes=None,
                          min_impurity_decrease=0.0, min_impurity_split=None,
                          min_samples_leaf=1, min_samples_split=2,
                          min_weight_fraction_leaf=0.0, n_estimators=100,
                          n_iter_no_change=None, presort='deprecated',
                          random_state=4493, subsample=1.0, tol=0.0001,
                          validation_fraction=0.1, verbose=0, warm_start=False)
2021-08-04 16:51:35,714:INFO:create_model() succesfully completed......................................
2021-08-04 16:51:36,000:INFO:SubProcess create_model() end ==================================
2021-08-04 16:51:36,000:INFO:Creating metrics dataframe
2021-08-04 16:51:36,093:INFO:Initializing Light Gradient Boosting Machine
2021-08-04 16:51:36,093:INFO:Total runtime is 0.4716121395428976 minutes
2021-08-04 16:51:36,134:INFO:SubProcess create_model() called ==================================
2021-08-04 16:51:36,135:INFO:Initializing create_model()
2021-08-04 16:51:36,135:INFO:create_model(estimator=lightgbm, fold=KFold(n_splits=10, random_state=None, shuffle=False), round=4, cross_validation=True, predict=True, fit_kwargs={}, groups=None, refit=False, verbose=False, system=False, metrics=None, display=<pycaret.internal.Display.Display object at 0x000002A566FFE100>, kwargs={})
2021-08-04 16:51:36,136:INFO:Checking exceptions
2021-08-04 16:51:36,136:INFO:Importing libraries
2021-08-04 16:51:36,138:INFO:Copying training dataset
2021-08-04 16:51:36,141:INFO:Defining folds
2021-08-04 16:51:36,142:INFO:Declaring metric variables
2021-08-04 16:51:36,184:INFO:Importing untrained model
2021-08-04 16:51:36,231:INFO:Light Gradient Boosting Machine Imported succesfully
2021-08-04 16:51:36,310:INFO:Starting cross validation
2021-08-04 16:51:36,317:INFO:Cross validating with KFold(n_splits=10, random_state=None, shuffle=False), n_jobs=-1
2021-08-04 16:51:37,135:INFO:Calculating mean and std
2021-08-04 16:51:37,137:INFO:Creating metrics dataframe
2021-08-04 16:51:37,158:INFO:Uploading results into container
2021-08-04 16:51:37,159:INFO:Uploading model into container now
2021-08-04 16:51:37,160:INFO:create_model_container: 17
2021-08-04 16:51:37,160:INFO:master_model_container: 17
2021-08-04 16:51:37,160:INFO:display_container: 2
2021-08-04 16:51:37,163:INFO:LGBMRegressor(boosting_type='gbdt', class_weight=None, colsample_bytree=1.0,
              importance_type='split', learning_rate=0.1, max_depth=-1,
              min_child_samples=20, min_child_weight=0.001, min_split_gain=0.0,
              n_estimators=100, n_jobs=-1, num_leaves=31, objective=None,
              random_state=4493, reg_alpha=0.0, reg_lambda=0.0, silent=True,
              subsample=1.0, subsample_for_bin=200000, subsample_freq=0)
2021-08-04 16:51:37,163:INFO:create_model() succesfully completed......................................
2021-08-04 16:51:37,488:INFO:SubProcess create_model() end ==================================
2021-08-04 16:51:37,490:INFO:Creating metrics dataframe
2021-08-04 16:51:37,713:INFO:Initializing create_model()
2021-08-04 16:51:37,714:INFO:create_model(estimator=GradientBoostingRegressor(alpha=0.9, ccp_alpha=0.0, criterion='friedman_mse',
                          init=None, learning_rate=0.1, loss='ls', max_depth=3,
                          max_features=None, max_leaf_nodes=None,
                          min_impurity_decrease=0.0, min_impurity_split=None,
                          min_samples_leaf=1, min_samples_split=2,
                          min_weight_fraction_leaf=0.0, n_estimators=100,
                          n_iter_no_change=None, presort='deprecated',
                          random_state=4493, subsample=1.0, tol=0.0001,
                          validation_fraction=0.1, verbose=0, warm_start=False), fold=KFold(n_splits=10, random_state=None, shuffle=False), round=4, cross_validation=False, predict=False, fit_kwargs={}, groups=None, refit=True, verbose=False, system=False, metrics=None, display=None, kwargs={})
2021-08-04 16:51:37,714:INFO:Checking exceptions
2021-08-04 16:51:37,714:INFO:Importing libraries
2021-08-04 16:51:37,714:INFO:Copying training dataset
2021-08-04 16:51:37,715:INFO:Defining folds
2021-08-04 16:51:37,715:INFO:Declaring metric variables
2021-08-04 16:51:37,716:INFO:Importing untrained model
2021-08-04 16:51:37,716:INFO:Declaring custom model
2021-08-04 16:51:37,716:INFO:Gradient Boosting Regressor Imported succesfully
2021-08-04 16:51:37,716:INFO:Cross validation set to False
2021-08-04 16:51:37,716:INFO:Fitting Model
2021-08-04 16:51:38,114:INFO:GradientBoostingRegressor(alpha=0.9, ccp_alpha=0.0, criterion='friedman_mse',
                          init=None, learning_rate=0.1, loss='ls', max_depth=3,
                          max_features=None, max_leaf_nodes=None,
                          min_impurity_decrease=0.0, min_impurity_split=None,
                          min_samples_leaf=1, min_samples_split=2,
                          min_weight_fraction_leaf=0.0, n_estimators=100,
                          n_iter_no_change=None, presort='deprecated',
                          random_state=4493, subsample=1.0, tol=0.0001,
                          validation_fraction=0.1, verbose=0, warm_start=False)
2021-08-04 16:51:38,114:INFO:create_models() succesfully completed......................................
2021-08-04 16:51:38,761:INFO:create_model_container: 17
2021-08-04 16:51:38,762:INFO:master_model_container: 17
2021-08-04 16:51:38,763:INFO:display_container: 2
2021-08-04 16:51:38,766:INFO:GradientBoostingRegressor(alpha=0.9, ccp_alpha=0.0, criterion='friedman_mse',
                          init=None, learning_rate=0.1, loss='ls', max_depth=3,
                          max_features=None, max_leaf_nodes=None,
                          min_impurity_decrease=0.0, min_impurity_split=None,
                          min_samples_leaf=1, min_samples_split=2,
                          min_weight_fraction_leaf=0.0, n_estimators=100,
                          n_iter_no_change=None, presort='deprecated',
                          random_state=4493, subsample=1.0, tol=0.0001,
                          validation_fraction=0.1, verbose=0, warm_start=False)
2021-08-04 16:51:38,766:INFO:compare_models() succesfully completed......................................
2021-08-04 16:52:44,923:INFO:Initializing create_model()
2021-08-04 16:52:44,923:INFO:create_model(estimator=lightgbm, fold=None, round=4, cross_validation=True, predict=True, fit_kwargs=None, groups=None, refit=True, verbose=True, system=True, metrics=None, display=None, kwargs={})
2021-08-04 16:52:44,923:INFO:Checking exceptions
2021-08-04 16:52:44,925:INFO:Preparing display monitor
2021-08-04 16:52:44,990:INFO:Importing libraries
2021-08-04 16:52:44,991:INFO:Copying training dataset
2021-08-04 16:52:44,994:INFO:Defining folds
2021-08-04 16:52:44,994:INFO:Declaring metric variables
2021-08-04 16:52:45,031:INFO:Importing untrained model
2021-08-04 16:52:45,083:INFO:Light Gradient Boosting Machine Imported succesfully
2021-08-04 16:52:45,177:INFO:Starting cross validation
2021-08-04 16:52:45,179:INFO:Cross validating with KFold(n_splits=10, random_state=None, shuffle=False), n_jobs=-1
2021-08-04 16:52:45,621:INFO:Calculating mean and std
2021-08-04 16:52:45,622:INFO:Creating metrics dataframe
2021-08-04 16:52:45,681:INFO:Finalizing model
2021-08-04 16:52:45,873:INFO:Uploading results into container
2021-08-04 16:52:45,873:INFO:Uploading model into container now
2021-08-04 16:52:45,923:INFO:create_model_container: 18
2021-08-04 16:52:45,923:INFO:master_model_container: 18
2021-08-04 16:52:45,923:INFO:display_container: 3
2021-08-04 16:52:45,923:INFO:LGBMRegressor(boosting_type='gbdt', class_weight=None, colsample_bytree=1.0,
              importance_type='split', learning_rate=0.1, max_depth=-1,
              min_child_samples=20, min_child_weight=0.001, min_split_gain=0.0,
              n_estimators=100, n_jobs=-1, num_leaves=31, objective=None,
              random_state=4493, reg_alpha=0.0, reg_lambda=0.0, silent=True,
              subsample=1.0, subsample_for_bin=200000, subsample_freq=0)
2021-08-04 16:52:45,923:INFO:create_model() succesfully completed......................................
2021-08-04 16:54:56,931:INFO:Initializing predict_model()
2021-08-04 16:54:56,933:INFO:predict_model(estimator=LGBMRegressor(boosting_type='gbdt', class_weight=None, colsample_bytree=1.0,
              importance_type='split', learning_rate=0.1, max_depth=-1,
              min_child_samples=20, min_child_weight=0.001, min_split_gain=0.0,
              n_estimators=100, n_jobs=-1, num_leaves=31, objective=None,
              random_state=4493, reg_alpha=0.0, reg_lambda=0.0, silent=True,
              subsample=1.0, subsample_for_bin=200000, subsample_freq=0), probability_threshold=None, encoded_labels=True, raw_score=False, round=4, verbose=True, ml_usecase=MLUsecase.REGRESSION, display=None)
2021-08-04 16:54:56,933:INFO:Checking exceptions
2021-08-04 16:54:56,934:INFO:Preloading libraries
2021-08-04 16:54:56,934:INFO:Preparing display monitor
